[flashbot.finance/index.html]
[backblue.gif]
[fade.gif]
[index.html]
[flashbot.finance/assets/css/styles.css]
[ajax.googleapis.com/ajax/libs/angularjs/1.6.9/angular.min.js]
[cdnjs.cloudflare.com/ajax/libs/font-awesome/4.7.0/css/font-awesome.min.css]
[plausible.io/js/plausible.js]
[flashbot.finance/index-2.html]
[flashbot.finance/pool.html]
[flashbot.finance/airdrop.html]
[flashbot.finance/list.html]
[flashbot.finance/referral.html]
[flashbot.finance/FAQ.html]
[flashbot.finance/assets/image/logo.png]
[ajax.googleapis.com/ajax/libs/jquery/2.1.1/jquery.min.js]
[cdnjs.cloudflare.com/ajax/libs/crypto-js/3.1.2/rollups/aes.js]
[cdnjs.cloudflare.com/ajax/libs/web3/1.3.5/web3.min.js]
[flashbot.finance/assets/js/addr.min5e1f.js]
[flashbot.finance/assets/js/chain.min5e1f.js]
[flashbot.finance/index.html]
[flashbot.finance/assets/js/script.min7b30.js]
[tokens.1inch.exchange/0xeeeeeeeeeeeeeeeeeeeeeeeeeeeeeeeeeeeeeeee.png]
[s2.coinmarketcap.com/static/img/coins/200x200/1839.png]
[flashbot.finance/assets/css/styles.css]
[cdnjs.cloudflare.com/ajax/libs/font-awesome/4.7.0/css/font-awesome.min.css]
[flashbot.finance/index-2.html]
[flashbot.finance/pool-eth.html]
[flashbot.finance/assets/image/eth.png]
[flashbot.finance/pool-bnb.html]
[flashbot.finance/assets/image/bnb.png]
[flashbot.finance/assets/image/tron.png]
[flashbot.finance/assets/image/etc.png]
[flashbot.finance/pool.html]
[flashbot.finance/assets/js/check.min7b30.js]
[flashbot.finance/airdrop-eth.html]
[flashbot.finance/airdrop-bnb.html]
[flashbot.finance/airdrop.html]
[flashbot.finance/list.html]
[flashbot.finance/referral.html]
[flashbot.finance/FAQ.html]
[flashbot.finance/{{scan}}address/{{account.html]
[flashbot.finance/{{scan}}.html]
[flashbot.finance/{{scan}}address/{{erc20.html]
[flashbot.finance/{{scan}}address/{{address}}.html]
[flashbot.finance/pool-eth.html]
[flashbot.finance/pool-bnb.html]
[flashbot.finance/airdrop-eth.html]
[flashbot.finance/airdrop-bnb.html]
